File \\449629-file1\Qlik\ReportManager_Test\NIZ_Selections_127.xls found
File \\449629-file1\Qlik\ReportManager_Test\CLS_OnDemandExport_sbellala@skyitgroup_01-18-2019_275.xls found
File \\449629-file1\Qlik\ReportManager_Test\CLS_OnDemandExport_sbellala@skyitgroup_01-18-2019_275.xls found
File \\449629-file1\Qlik\ReportManager_Test\CLS_OnDemandExport_sbellala@skyitgroup_01-18-2019_275.xls found
File \\449629-file1\Qlik\ReportManager_Test\CLS_OnDemandExport_sbellala@skyitgroup_01-18-2019_275.xls found
File \\449629-file1\Qlik\ReportManager_Test\CLS_Selections_sneelakantan@skyitgroup_01-18-2019_274.xls found
File \\449629-file1\Qlik\ReportManager_Test\CLS_OnDemandExport_sbellala@skyitgroup_01-18-2019_275.xls found
File \\449629-file1\Qlik\ReportManager_Test\CLS_OnDemandExport_sbellala@skyitgroup_01-18-2019_275.xls found
File \\449629-file1\Qlik\ReportManager_Test\CLS_OnDemandExport_sbellala@skyitgroup_01-18-2019_275.xls found
File \\449629-file1\Qlik\ReportManager_Test\CLS_OnDemandExport_dlee@skyitgroup_04-04-2019_324.xls found
File \\449629-file1\Qlik\ReportManager_Test\CLS_OnDemandExport_achitre@skyitgroup_04-04-2019_140.xls found
File \\449629-file1\Qlik\ReportManager_Test\CLS_OnDemandExport_achitre@skyitgroup_04-04-2019_539.xls found
File \\449629-file1\Qlik\ReportManager_Test\CLS_OnDemandExport_dlee@skyitgroup_04-04-2019_324.xls found
File \\449629-file1\Qlik\ReportManager_Test\CLS_OnDemandExport_achitre@skyitgroup_04-04-2019_539.xls found
File \\449629-file1\Qlik\ReportManager_Test\CLS_OnDemandExport_achitre@skyitgroup_04-04-2019_539.xls found
File \\449629-file1\Qlik\ReportManager_Test\CLS_OnDemandExport_dlee@skyitgroup_04-04-2019_324.xls found
File \\449629-file1\Qlik\ReportManager_Test\CLS_OnDemandExport_achitre@skyitgroup_04-04-2019_140.xls found
File \\449629-file1\Qlik\ReportManager_Test\CLS_OnDemandExport_achitre@skyitgroup_04-04-2019_539.xls found
File \\449629-file1\Qlik\ReportManager_Test\CLS_OnDemandExport_hchapman@skyitgroup_04-04-2019_260.xls found
File \\449629-file1\Qlik\ReportManager_Test\CLS_OnDemandExport_hchapman@skyitgroup_04-04-2019_307.xls found
File \\449629-file1\Qlik\ReportManager_Test\CLS_OnDemandExport_sbellala@skyitgroup_04-04-2019_403.xls found
File \\449629-file1\Qlik\ReportManager_Test\CLS_OnDemandExport_sbellala@skyitgroup_04-04-2019_865.xls found
File \\449629-file1\Qlik\ReportManager_Test\CLS_OnDemandExport_sbellala@skyitgroup_04-04-2019_915.xls found
File \\449629-file1\Qlik\ReportManager_Test\CLS_OnDemandExport_sbellala@skyitgroup_04-04-2019_986.xls found
File \\449629-file1\Qlik\ReportManager_Test\CLS_OnDemandExport_achitre@skyitgroup_04-04-2019_462.xls found
File \\449629-file1\Qlik\ReportManager_Test\CLS_OnDemandExport_dlee@skyitgroup_04-04-2019_443.xls found
File \\449629-file1\Qlik\ReportManager_Test\CLS_OnDemandExport_erios@skyitgroup_04-04-2019_247.xls found
File \\449629-file1\Qlik\ReportManager_Test\CLS_OnDemandExport_hchapman@skyitgroup_04-04-2019_412.xls found
File \\449629-file1\Qlik\ReportManager_Test\CLS_OnDemandExport_sbellala@skyitgroup_04-04-2019_865.xls found
File \\449629-file1\Qlik\ReportManager_Test\CLS_OnDemandExport_sneelakantan@skyitgroup_04-04-2019_683.xls found
File \\449629-file1\Qlik\ReportManager_Test\CLS_OnDemandExport_sbellala@skyitgroup_04-04-2019_403.xls found
File \\449629-file1\Qlik\ReportManager_Test\CLS_OnDemandExport_sbellala@skyitgroup_04-04-2019_865.xls found
File \\449629-file1\Qlik\ReportManager_Test\CLS_OnDemandExport_sbellala@skyitgroup_04-04-2019_915.xls found
File \\449629-file1\Qlik\ReportManager_Test\CLS_OnDemandExport_sbellala@skyitgroup_04-04-2019_986.xls found
File \\449629-file1\Qlik\ReportManager_Test\CLS_OnDemandExport_sbellala@skyitgroup_04-04-2019_403.xls found
File \\449629-file1\Qlik\ReportManager_Test\CLS_OnDemandExport_sbellala@skyitgroup_04-04-2019_403.xls found
File \\449629-file1\Qlik\ReportManager_Test\CLS_OnDemandExport_sbellala@skyitgroup_04-04-2019_403.xls found
File \\449629-file1\Qlik\ReportManager_Test\CLS_OnDemandExport_sbellala@skyitgroup_04-04-2019_403.xls found
File \\449629-file1\Qlik\ReportManager_Test\CLS_OnDemandExport_sbellala@skyitgroup_04-04-2019_403.xls found
File \\449629-file1\Qlik\ReportManager_Test\CLS_OnDemandExport_sbellala@skyitgroup_04-04-2019_865.xls found
File \\449629-file1\Qlik\ReportManager_Test\CLS_OnDemandExport_sbellala@skyitgroup_04-04-2019_915.xls found
File \\449629-file1\Qlik\ReportManager_Test\CLS_OnDemandExport_sbellala@skyitgroup_04-04-2019_986.xls found
File \\449629-file1\Qlik\ReportManager_Test\CLS_Selections_sbellala@skyitgroup_04-04-2019_865.xls found
File \\449629-file1\Qlik\ReportManager_Test\CLS_OnDemandExport_sbellala@skyitgroup_04-04-2019_865.xls found
File \\449629-file1\Qlik\ReportManager_Test\CLS_OnDemandExport_sbellala@skyitgroup_04-04-2019_865.xls found
File \\449629-file1\Qlik\ReportManager_Test\CLS_OnDemandExport_sbellala@skyitgroup_04-04-2019_865.xls found
File \\449629-file1\Qlik\ReportManager_Test\CLS_OnDemandExport_sbellala@skyitgroup_04-04-2019_403.xls found
File \\449629-file1\Qlik\ReportManager_Test\CLS_OnDemandExport_sbellala@skyitgroup_04-04-2019_865.xls found
File \\449629-file1\Qlik\ReportManager_Test\CLS_OnDemandExport_sbellala@skyitgroup_04-04-2019_915.xls found
File \\449629-file1\Qlik\ReportManager_Test\CLS_OnDemandExport_sbellala@skyitgroup_04-04-2019_986.xls found
File \\449629-file1\Qlik\ReportManager_Test\CLS_OnDemandExport_dlee@skyitgroup_04-04-2019_658.xls found
File \\449629-file1\Qlik\ReportManager_Test\CLS_OnDemandExport_dlee@skyitgroup_04-04-2019_146.xls found
File \\449629-file1\Qlik\ReportManager_Test\CLS_OnDemandExport_dlee@skyitgroup_04-04-2019_226.xls found
File \\449629-file1\Qlik\ReportManager_Test\CLS_OnDemandExport_dlee@skyitgroup_04-04-2019_320.xls found
File \\449629-file1\Qlik\ReportManager_Test\CLS_OnDemandExport_dlee@skyitgroup_04-04-2019_443.xls found
File \\449629-file1\Qlik\ReportManager_Test\CLS_OnDemandExport_dlee@skyitgroup_04-04-2019_551.xls found
File \\449629-file1\Qlik\ReportManager_Test\CLS_OnDemandExport_dlee@skyitgroup_04-04-2019_572.xls found
File \\449629-file1\Qlik\ReportManager_Test\CLS_OnDemandExport_dlee@skyitgroup_04-04-2019_640.xls found
File \\449629-file1\Qlik\ReportManager_Test\CLS_OnDemandExport_achitre@skyitgroup_04-04-2019_140.xls found
File \\449629-file1\Qlik\ReportManager_Test\CLS_OnDemandExport_achitre@skyitgroup_04-04-2019_236.xls found
File \\449629-file1\Qlik\ReportManager_Test\CLS_OnDemandExport_dlee@skyitgroup_04-04-2019_572.xls found
File \\449629-file1\Qlik\ReportManager_Test\CLS_OnDemandExport_dlee@skyitgroup_04-04-2019_640.xls found
File \\449629-file1\Qlik\ReportManager_Test\CLS_OnDemandExport_erios@skyitgroup_04-04-2019_247.xls found
File \\449629-file1\Qlik\ReportManager_Test\CLS_OnDemandExport_erios@skyitgroup_04-04-2019_516.xls found
File \\449629-file1\Qlik\ReportManager_Test\CLS_OnDemandExport_hchapman@skyitgroup_04-04-2019_412.xls found
File \\449629-file1\Qlik\ReportManager_Test\CLS_OnDemandExport_hchapman@skyitgroup_04-04-2019_579.xls found
File \\449629-file1\Qlik\ReportManager_Test\CLS_OnDemandExport_sbellala@skyitgroup_04-04-2019_865.xls found
File \\449629-file1\Qlik\ReportManager_Test\CLS_OnDemandExport_sbellala@skyitgroup_04-04-2019_915.xls found
File \\449629-file1\Qlik\ReportManager_Test\CLS_OnDemandExport_sbellala@skyitgroup_04-04-2019_986.xls found
File \\449629-file1\Qlik\ReportManager_Test\CLS_OnDemandExport_hchapman@skyitgroup_04-04-2019_855.xls found
File \\449629-file1\Qlik\ReportManager_Test\CLS_OnDemandExport_hchapman@skyitgroup_04-04-2019_935.xls found
File \\449629-file1\Qlik\ReportManager_Test\CLS_OnDemandExport_hchapman@skyitgroup_04-04-2019_977.xls found
File \\449629-file1\Qlik\ReportManager_Test\CLS_OnDemandExport_sbellala@skyitgroup_04-04-2019_403.xls found
File \\449629-file1\Qlik\ReportManager_Test\CLS_OnDemandExport_sbellala@skyitgroup_04-04-2019_865.xls found
File \\449629-file1\Qlik\ReportManager_Test\CLS_OnDemandExport_sbellala@skyitgroup_04-04-2019_915.xls found
File \\449629-file1\Qlik\ReportManager_Test\CLS_OnDemandExport_sbellala@skyitgroup_04-04-2019_403.xls found
File \\449629-file1\Qlik\ReportManager_Test\CLS_OnDemandExport_sbellala@skyitgroup_04-04-2019_865.xls found
File \\449629-file1\Qlik\ReportManager_Test\CLS_OnDemandExport_sbellala@skyitgroup_04-04-2019_915.xls found
File \\449629-file1\Qlik\ReportManager_Test\CLS_OnDemandExport_sbellala@skyitgroup_04-04-2019_986.xls found
File \\449629-file1\Qlik\ReportManager_Test\CLS_OnDemandExport_sbellala@skyitgroup_04-04-2019_403.xls found
File \\449629-file1\Qlik\ReportManager_Test\CLS_OnDemandExport_sbellala@skyitgroup_04-04-2019_865.xls found
File \\449629-file1\Qlik\ReportManager_Test\CLS_OnDemandExport_sbellala@skyitgroup_04-04-2019_915.xls found
File \\449629-file1\Qlik\ReportManager_Test\CLS_OnDemandExport_sbellala@skyitgroup_04-04-2019_986.xls found
File \\449629-file1\Qlik\ReportManager_Test\CLS_OnDemandExport_sbellala@skyitgroup_04-04-2019_986.xls found
File \\449629-file1\Qlik\ReportManager_Test\CLS_OnDemandExport_sbellala@skyitgroup_04-04-2019_986.xls found
File \\449629-file1\Qlik\ReportManager_Test\CLS_OnDemandExport_sbellala@skyitgroup_04-04-2019_986.xls found
File \\449629-file1\Qlik\ReportManager_Test\CLS_OnDemandExport_sbellala@skyitgroup_04-04-2019_865.xls found
File \\449629-file1\Qlik\ReportManager_Test\CLS_OnDemandExport_sbellala@skyitgroup_04-04-2019_683.xls found
File \\449629-file1\Qlik\ReportManager_Test\CLS_OnDemandExport_sbellala@skyitgroup_04-04-2019_760.xls found
File \\449629-file1\Qlik\ReportManager_Test\CLS_OnDemandExport_sbellala@skyitgroup_04-04-2019_247.xls found
File \\449629-file1\Qlik\ReportManager_Test\CLS_OnDemandExport_sbellala@skyitgroup_04-04-2019_311.xls found
File \\449629-file1\Qlik\ReportManager_Test\CLS_OnDemandExport_sbellala@skyitgroup_04-04-2019_403.xls found
File \\449629-file1\Qlik\ReportManager_Test\CLS_OnDemandExport_sbellala@skyitgroup_04-04-2019_412.xls found
File \\449629-file1\Qlik\ReportManager_Test\CLS_OnDemandExport_sbellala@skyitgroup_04-04-2019_462.xls found
File \\449629-file1\Qlik\ReportManager_Test\CLS_OnDemandExport_sbellala@skyitgroup_04-04-2019_551.xls found
File \\449629-file1\Qlik\ReportManager_Test\CLS_OnDemandExport_sbellala@skyitgroup_04-04-2019_683.xls found
File \\449629-file1\Qlik\ReportManager_Test\CLS_OnDemandExport_sbellala@skyitgroup_04-04-2019_760.xls found
File \\449629-file1\Qlik\ReportManager_Test\CLS_OnDemandExport_sbellala@skyitgroup_04-04-2019_769.xls found
File \\449629-file1\Qlik\ReportManager_Test\CLS_OnDemandExport_sbellala@skyitgroup_04-04-2019_855.xls found
File \\449629-file1\Qlik\ReportManager_Test\CLS_OnDemandExport_sbellala@skyitgroup_04-04-2019_865.xls found
File \\449629-file1\Qlik\ReportManager_Test\CLS_OnDemandExport_sbellala@skyitgroup_04-04-2019_915.xls found
File \\449629-file1\Qlik\ReportManager_Test\CLS_OnDemandExport_sbellala@skyitgroup_04-04-2019_977.xls found
File \\449629-file1\Qlik\ReportManager_Test\CLS_OnDemandExport_sbellala@skyitgroup_04-04-2019_986.xls found
File \\449629-file1\Qlik\ReportManager_Test\CLS_OnDemandExport_sbellala@skyitgroup_04-04-2019_146.xls found
File \\449629-file1\Qlik\ReportManager_Test\CLS_OnDemandExport_sbellala@skyitgroup_04-04-2019_247.xls found
File \\449629-file1\Qlik\ReportManager_Test\CLS_OnDemandExport_sbellala@skyitgroup_04-04-2019_311.xls found
File \\449629-file1\Qlik\ReportManager_Test\CLS_OnDemandExport_sbellala@skyitgroup_04-04-2019_326.xls found
File \\449629-file1\Qlik\ReportManager_Test\CLS_OnDemandExport_sbellala@skyitgroup_04-04-2019_339.xls found
File \\449629-file1\Qlik\ReportManager_Test\CLS_OnDemandExport_sbellala@skyitgroup_04-04-2019_403.xls found
File \\449629-file1\Qlik\ReportManager_Test\CLS_OnDemandExport_sbellala@skyitgroup_04-04-2019_412.xls found
File \\449629-file1\Qlik\ReportManager_Test\CLS_OnDemandExport_sbellala@skyitgroup_04-04-2019_462.xls found
File \\449629-file1\Qlik\ReportManager_Test\CLS_OnDemandExport_sbellala@skyitgroup_04-04-2019_551.xls found
File \\449629-file1\Qlik\ReportManager_Test\CLS_OnDemandExport_sbellala@skyitgroup_04-04-2019_683.xls found
File \\449629-file1\Qlik\ReportManager_Test\CLS_OnDemandExport_sbellala@skyitgroup_04-04-2019_760.xls found
File \\449629-file1\Qlik\ReportManager_Test\CLS_OnDemandExport_sbellala@skyitgroup_04-04-2019_769.xls found
File \\449629-file1\Qlik\ReportManager_Test\CLS_OnDemandExport_sbellala@skyitgroup_04-04-2019_855.xls found
File \\449629-file1\Qlik\ReportManager_Test\CLS_OnDemandExport_sbellala@skyitgroup_04-04-2019_865.xls found
File \\449629-file1\Qlik\ReportManager_Test\CLS_OnDemandExport_sbellala@skyitgroup_04-04-2019_886.xls found
File \\449629-file1\Qlik\ReportManager_Test\CLS_OnDemandExport_sbellala@skyitgroup_04-04-2019_915.xls found
File \\449629-file1\Qlik\ReportManager_Test\CLS_OnDemandExport_sbellala@skyitgroup_04-04-2019_935.xls found
File \\449629-file1\Qlik\ReportManager_Test\CLS_OnDemandExport_sbellala@skyitgroup_04-04-2019_977.xls found
File \\449629-file1\Qlik\ReportManager_Test\CLS_OnDemandExport_sbellala@skyitgroup_04-04-2019_986.xls found
File \\449629-file1\Qlik\ReportManager_Test\CLS_OnDemandExport_sbellala@skyitgroup_04-04-2019_999.xls found
